<?xml version="1.0" encoding="UTF-8"?>
<testng-results ignored="0" total="1" passed="1" failed="0" skipped="0">
  <reporter-output>
  </reporter-output>
  <suite started-at="2024-12-26T16:27:02 IST" name="Default suite" finished-at="2024-12-26T16:27:11 IST" duration-ms="9406">
    <groups>
    </groups>
    <test started-at="2024-12-26T16:27:02 IST" name="Default test" finished-at="2024-12-26T16:27:11 IST" duration-ms="9406">
      <class name="testCases.TC001_AccountRegistrationTest">
        <test-method is-config="true" signature="setup()[pri:0, instance:testCases.TC001_AccountRegistrationTest@515c6049]" started-at="2024-12-26T16:27:02 IST" name="setup" finished-at="2024-12-26T16:27:09 IST" duration-ms="7431" status="PASS">
          <reporter-output>
          </reporter-output>
        </test-method> <!-- setup -->
        <test-method signature="verify_account_registration()[pri:0, instance:testCases.TC001_AccountRegistrationTest@515c6049]" started-at="2024-12-26T16:27:09 IST" name="verify_account_registration" finished-at="2024-12-26T16:27:11 IST" duration-ms="1844" status="PASS">
          <reporter-output>
          </reporter-output>
        </test-method> <!-- verify_account_registration -->
        <test-method is-config="true" signature="tearDown()[pri:0, instance:testCases.TC001_AccountRegistrationTest@515c6049]" started-at="2024-12-26T16:27:11 IST" name="tearDown" finished-at="2024-12-26T16:27:11 IST" duration-ms="95" status="PASS">
          <reporter-output>
          </reporter-output>
        </test-method> <!-- tearDown -->
        <test-method is-config="true" signature="tearDown()[pri:0, instance:testCases.TC001_AccountRegistrationTest@515c6049]" started-at="2024-12-26T16:27:11 IST" name="tearDown" finished-at="2024-12-26T16:27:11 IST" duration-ms="0" status="PASS">
          <reporter-output>
          </reporter-output>
        </test-method> <!-- tearDown -->
      </class> <!-- testCases.TC001_AccountRegistrationTest -->
    </test> <!-- Default test -->
  </suite> <!-- Default suite -->
</testng-results>
